<?xml version="1.0" encoding="UTF-8"?>
<testsuite xmlns:xsi="http://www.w3.org/2001/XMLSchema-instance" xsi:noNamespaceSchemaLocation="https://maven.apache.org/surefire/maven-surefire-plugin/xsd/surefire-test-report.xsd" name="TestSuite" time="184.091" tests="13" errors="0" skipped="1" failures="6">
  <properties>
    <property name="java.specification.version" value="17"/>
    <property name="sun.cpu.isalist" value="amd64"/>
    <property name="sun.jnu.encoding" value="Cp1252"/>
    <property name="java.class.path" value="C:\Users\Rajbir\eclipse-workspace\naveenAutomationAssignment\target\test-classes;C:\Users\Rajbir\eclipse-workspace\naveenAutomationAssignment\target\classes;C:\Users\Rajbir\.m2\repository\org\seleniumhq\selenium\selenium-java\3.141.59\selenium-java-3.141.59.jar;C:\Users\Rajbir\.m2\repository\org\seleniumhq\selenium\selenium-api\3.141.59\selenium-api-3.141.59.jar;C:\Users\Rajbir\.m2\repository\org\seleniumhq\selenium\selenium-chrome-driver\3.141.59\selenium-chrome-driver-3.141.59.jar;C:\Users\Rajbir\.m2\repository\org\seleniumhq\selenium\selenium-edge-driver\3.141.59\selenium-edge-driver-3.141.59.jar;C:\Users\Rajbir\.m2\repository\org\seleniumhq\selenium\selenium-firefox-driver\3.141.59\selenium-firefox-driver-3.141.59.jar;C:\Users\Rajbir\.m2\repository\org\seleniumhq\selenium\selenium-ie-driver\3.141.59\selenium-ie-driver-3.141.59.jar;C:\Users\Rajbir\.m2\repository\org\seleniumhq\selenium\selenium-opera-driver\3.141.59\selenium-opera-driver-3.141.59.jar;C:\Users\Rajbir\.m2\repository\org\seleniumhq\selenium\selenium-remote-driver\3.141.59\selenium-remote-driver-3.141.59.jar;C:\Users\Rajbir\.m2\repository\org\seleniumhq\selenium\selenium-safari-driver\3.141.59\selenium-safari-driver-3.141.59.jar;C:\Users\Rajbir\.m2\repository\org\seleniumhq\selenium\selenium-support\3.141.59\selenium-support-3.141.59.jar;C:\Users\Rajbir\.m2\repository\net\bytebuddy\byte-buddy\1.8.15\byte-buddy-1.8.15.jar;C:\Users\Rajbir\.m2\repository\org\apache\commons\commons-exec\1.3\commons-exec-1.3.jar;C:\Users\Rajbir\.m2\repository\com\google\guava\guava\25.0-jre\guava-25.0-jre.jar;C:\Users\Rajbir\.m2\repository\com\google\code\findbugs\jsr305\1.3.9\jsr305-1.3.9.jar;C:\Users\Rajbir\.m2\repository\org\checkerframework\checker-compat-qual\2.0.0\checker-compat-qual-2.0.0.jar;C:\Users\Rajbir\.m2\repository\com\google\errorprone\error_prone_annotations\2.1.3\error_prone_annotations-2.1.3.jar;C:\Users\Rajbir\.m2\repository\com\google\j2objc\j2objc-annotations\1.1\j2objc-annotations-1.1.jar;C:\Users\Rajbir\.m2\repository\org\codehaus\mojo\animal-sniffer-annotations\1.14\animal-sniffer-annotations-1.14.jar;C:\Users\Rajbir\.m2\repository\com\squareup\okhttp3\okhttp\3.11.0\okhttp-3.11.0.jar;C:\Users\Rajbir\.m2\repository\com\squareup\okio\okio\1.14.0\okio-1.14.0.jar;C:\Users\Rajbir\.m2\repository\org\testng\testng\7.3.0\testng-7.3.0.jar;C:\Users\Rajbir\.m2\repository\com\beust\jcommander\1.78\jcommander-1.78.jar;C:\Users\Rajbir\.m2\repository\org\apache\ant\ant\1.10.3\ant-1.10.3.jar;C:\Users\Rajbir\.m2\repository\org\apache\ant\ant-launcher\1.10.3\ant-launcher-1.10.3.jar;C:\Users\Rajbir\.m2\repository\junit\junit\4.12\junit-4.12.jar;C:\Users\Rajbir\.m2\repository\org\hamcrest\hamcrest-core\1.3\hamcrest-core-1.3.jar;C:\Users\Rajbir\.m2\repository\com\google\inject\guice\4.2.2\guice-4.2.2-no_aop.jar;C:\Users\Rajbir\.m2\repository\javax\inject\javax.inject\1\javax.inject-1.jar;C:\Users\Rajbir\.m2\repository\aopalliance\aopalliance\1.0\aopalliance-1.0.jar;C:\Users\Rajbir\.m2\repository\org\yaml\snakeyaml\1.21\snakeyaml-1.21.jar;C:\Users\Rajbir\.m2\repository\io\github\bonigarcia\webdrivermanager\5.0.0\webdrivermanager-5.0.0.jar;C:\Users\Rajbir\.m2\repository\org\slf4j\slf4j-api\1.7.32\slf4j-api-1.7.32.jar;C:\Users\Rajbir\.m2\repository\com\google\code\gson\gson\2.8.8\gson-2.8.8.jar;C:\Users\Rajbir\.m2\repository\org\jsoup\jsoup\1.14.2\jsoup-1.14.2.jar;C:\Users\Rajbir\.m2\repository\com\github\docker-java\docker-java\3.2.11\docker-java-3.2.11.jar;C:\Users\Rajbir\.m2\repository\com\github\docker-java\docker-java-core\3.2.11\docker-java-core-3.2.11.jar;C:\Users\Rajbir\.m2\repository\com\github\docker-java\docker-java-api\3.2.11\docker-java-api-3.2.11.jar;C:\Users\Rajbir\.m2\repository\com\fasterxml\jackson\core\jackson-annotations\2.10.3\jackson-annotations-2.10.3.jar;C:\Users\Rajbir\.m2\repository\commons-io\commons-io\2.6\commons-io-2.6.jar;C:\Users\Rajbir\.m2\repository\org\apache\commons\commons-compress\1.20\commons-compress-1.20.jar;C:\Users\Rajbir\.m2\repository\commons-lang\commons-lang\2.6\commons-lang-2.6.jar;C:\Users\Rajbir\.m2\repository\com\fasterxml\jackson\core\jackson-databind\2.10.3\jackson-databind-2.10.3.jar;C:\Users\Rajbir\.m2\repository\com\fasterxml\jackson\core\jackson-core\2.10.3\jackson-core-2.10.3.jar;C:\Users\Rajbir\.m2\repository\org\bouncycastle\bcpkix-jdk15on\1.64\bcpkix-jdk15on-1.64.jar;C:\Users\Rajbir\.m2\repository\org\bouncycastle\bcprov-jdk15on\1.64\bcprov-jdk15on-1.64.jar;C:\Users\Rajbir\.m2\repository\org\slf4j\jcl-over-slf4j\1.7.30\jcl-over-slf4j-1.7.30.jar;C:\Users\Rajbir\.m2\repository\com\github\docker-java\docker-java-transport-httpclient5\3.2.11\docker-java-transport-httpclient5-3.2.11.jar;C:\Users\Rajbir\.m2\repository\com\github\docker-java\docker-java-transport\3.2.11\docker-java-transport-3.2.11.jar;C:\Users\Rajbir\.m2\repository\org\apache\httpcomponents\client5\httpclient5\5.0.3\httpclient5-5.0.3.jar;C:\Users\Rajbir\.m2\repository\org\apache\httpcomponents\core5\httpcore5\5.0.2\httpcore5-5.0.2.jar;C:\Users\Rajbir\.m2\repository\net\java\dev\jna\jna\5.8.0\jna-5.8.0.jar;C:\Users\Rajbir\.m2\repository\org\brotli\dec\0.1.2\dec-0.1.2.jar;C:\Users\Rajbir\.m2\repository\log4j\log4j\1.2.17\log4j-1.2.17.jar;C:\Users\Rajbir\.m2\repository\org\apache\commons\commons-lang3\3.11\commons-lang3-3.11.jar;C:\Users\Rajbir\.m2\repository\com\aventstack\extentreports\3.1.2\extentreports-3.1.2.jar;C:\Users\Rajbir\.m2\repository\org\freemarker\freemarker\2.3.23\freemarker-2.3.23.jar;C:\Users\Rajbir\.m2\repository\org\mongodb\mongodb-driver\3.3.0\mongodb-driver-3.3.0.jar;C:\Users\Rajbir\.m2\repository\org\mongodb\bson\3.3.0\bson-3.3.0.jar;C:\Users\Rajbir\.m2\repository\org\mongodb\mongodb-driver-core\3.3.0\mongodb-driver-core-3.3.0.jar;C:\Users\Rajbir\.m2\repository\org\apache\httpcomponents\httpclient\4.5.2\httpclient-4.5.2.jar;C:\Users\Rajbir\.m2\repository\org\apache\httpcomponents\httpcore\4.4.4\httpcore-4.4.4.jar;C:\Users\Rajbir\.m2\repository\commons-logging\commons-logging\1.2\commons-logging-1.2.jar;C:\Users\Rajbir\.m2\repository\org\apache\httpcomponents\httpmime\4.5.2\httpmime-4.5.2.jar;C:\Users\Rajbir\.m2\repository\org\apache\poi\poi\3.17\poi-3.17.jar;C:\Users\Rajbir\.m2\repository\commons-codec\commons-codec\1.10\commons-codec-1.10.jar;C:\Users\Rajbir\.m2\repository\org\apache\commons\commons-collections4\4.1\commons-collections4-4.1.jar;C:\Users\Rajbir\.m2\repository\org\apache\poi\poi-ooxml\3.17\poi-ooxml-3.17.jar;C:\Users\Rajbir\.m2\repository\org\apache\poi\poi-ooxml-schemas\3.17\poi-ooxml-schemas-3.17.jar;C:\Users\Rajbir\.m2\repository\org\apache\xmlbeans\xmlbeans\2.6.0\xmlbeans-2.6.0.jar;C:\Users\Rajbir\.m2\repository\stax\stax-api\1.0.1\stax-api-1.0.1.jar;C:\Users\Rajbir\.m2\repository\com\github\virtuald\curvesapi\1.04\curvesapi-1.04.jar;"/>
    <property name="java.vm.vendor" value="Eclipse Adoptium"/>
    <property name="sun.arch.data.model" value="64"/>
    <property name="user.variant" value=""/>
    <property name="java.vendor.url" value="https://adoptium.net/"/>
    <property name="user.timezone" value="America/Vancouver"/>
    <property name="os.name" value="Windows 11"/>
    <property name="java.vm.specification.version" value="17"/>
    <property name="sun.java.launcher" value="SUN_STANDARD"/>
    <property name="user.country" value="CA"/>
    <property name="sun.boot.library.path" value="C:\Users\Rajbir\.p2\pool\plugins\org.eclipse.justj.openjdk.hotspot.jre.full.win32.x86_64_17.0.4.v20220903-1038\jre\bin"/>
    <property name="sun.java.command" value="C:\Users\Rajbir\AppData\Local\Temp\surefire4564055962495151342\surefirebooter10374062328858680328.jar C:\Users\Rajbir\AppData\Local\Temp\surefire4564055962495151342 2023-01-10T22-17-54_521-jvmRun1 surefire8745568953684193546tmp surefire_03318020639919953556tmp"/>
    <property name="jdk.debug" value="release"/>
    <property name="surefire.test.class.path" value="C:\Users\Rajbir\eclipse-workspace\naveenAutomationAssignment\target\test-classes;C:\Users\Rajbir\eclipse-workspace\naveenAutomationAssignment\target\classes;C:\Users\Rajbir\.m2\repository\org\seleniumhq\selenium\selenium-java\3.141.59\selenium-java-3.141.59.jar;C:\Users\Rajbir\.m2\repository\org\seleniumhq\selenium\selenium-api\3.141.59\selenium-api-3.141.59.jar;C:\Users\Rajbir\.m2\repository\org\seleniumhq\selenium\selenium-chrome-driver\3.141.59\selenium-chrome-driver-3.141.59.jar;C:\Users\Rajbir\.m2\repository\org\seleniumhq\selenium\selenium-edge-driver\3.141.59\selenium-edge-driver-3.141.59.jar;C:\Users\Rajbir\.m2\repository\org\seleniumhq\selenium\selenium-firefox-driver\3.141.59\selenium-firefox-driver-3.141.59.jar;C:\Users\Rajbir\.m2\repository\org\seleniumhq\selenium\selenium-ie-driver\3.141.59\selenium-ie-driver-3.141.59.jar;C:\Users\Rajbir\.m2\repository\org\seleniumhq\selenium\selenium-opera-driver\3.141.59\selenium-opera-driver-3.141.59.jar;C:\Users\Rajbir\.m2\repository\org\seleniumhq\selenium\selenium-remote-driver\3.141.59\selenium-remote-driver-3.141.59.jar;C:\Users\Rajbir\.m2\repository\org\seleniumhq\selenium\selenium-safari-driver\3.141.59\selenium-safari-driver-3.141.59.jar;C:\Users\Rajbir\.m2\repository\org\seleniumhq\selenium\selenium-support\3.141.59\selenium-support-3.141.59.jar;C:\Users\Rajbir\.m2\repository\net\bytebuddy\byte-buddy\1.8.15\byte-buddy-1.8.15.jar;C:\Users\Rajbir\.m2\repository\org\apache\commons\commons-exec\1.3\commons-exec-1.3.jar;C:\Users\Rajbir\.m2\repository\com\google\guava\guava\25.0-jre\guava-25.0-jre.jar;C:\Users\Rajbir\.m2\repository\com\google\code\findbugs\jsr305\1.3.9\jsr305-1.3.9.jar;C:\Users\Rajbir\.m2\repository\org\checkerframework\checker-compat-qual\2.0.0\checker-compat-qual-2.0.0.jar;C:\Users\Rajbir\.m2\repository\com\google\errorprone\error_prone_annotations\2.1.3\error_prone_annotations-2.1.3.jar;C:\Users\Rajbir\.m2\repository\com\google\j2objc\j2objc-annotations\1.1\j2objc-annotations-1.1.jar;C:\Users\Rajbir\.m2\repository\org\codehaus\mojo\animal-sniffer-annotations\1.14\animal-sniffer-annotations-1.14.jar;C:\Users\Rajbir\.m2\repository\com\squareup\okhttp3\okhttp\3.11.0\okhttp-3.11.0.jar;C:\Users\Rajbir\.m2\repository\com\squareup\okio\okio\1.14.0\okio-1.14.0.jar;C:\Users\Rajbir\.m2\repository\org\testng\testng\7.3.0\testng-7.3.0.jar;C:\Users\Rajbir\.m2\repository\com\beust\jcommander\1.78\jcommander-1.78.jar;C:\Users\Rajbir\.m2\repository\org\apache\ant\ant\1.10.3\ant-1.10.3.jar;C:\Users\Rajbir\.m2\repository\org\apache\ant\ant-launcher\1.10.3\ant-launcher-1.10.3.jar;C:\Users\Rajbir\.m2\repository\junit\junit\4.12\junit-4.12.jar;C:\Users\Rajbir\.m2\repository\org\hamcrest\hamcrest-core\1.3\hamcrest-core-1.3.jar;C:\Users\Rajbir\.m2\repository\com\google\inject\guice\4.2.2\guice-4.2.2-no_aop.jar;C:\Users\Rajbir\.m2\repository\javax\inject\javax.inject\1\javax.inject-1.jar;C:\Users\Rajbir\.m2\repository\aopalliance\aopalliance\1.0\aopalliance-1.0.jar;C:\Users\Rajbir\.m2\repository\org\yaml\snakeyaml\1.21\snakeyaml-1.21.jar;C:\Users\Rajbir\.m2\repository\io\github\bonigarcia\webdrivermanager\5.0.0\webdrivermanager-5.0.0.jar;C:\Users\Rajbir\.m2\repository\org\slf4j\slf4j-api\1.7.32\slf4j-api-1.7.32.jar;C:\Users\Rajbir\.m2\repository\com\google\code\gson\gson\2.8.8\gson-2.8.8.jar;C:\Users\Rajbir\.m2\repository\org\jsoup\jsoup\1.14.2\jsoup-1.14.2.jar;C:\Users\Rajbir\.m2\repository\com\github\docker-java\docker-java\3.2.11\docker-java-3.2.11.jar;C:\Users\Rajbir\.m2\repository\com\github\docker-java\docker-java-core\3.2.11\docker-java-core-3.2.11.jar;C:\Users\Rajbir\.m2\repository\com\github\docker-java\docker-java-api\3.2.11\docker-java-api-3.2.11.jar;C:\Users\Rajbir\.m2\repository\com\fasterxml\jackson\core\jackson-annotations\2.10.3\jackson-annotations-2.10.3.jar;C:\Users\Rajbir\.m2\repository\commons-io\commons-io\2.6\commons-io-2.6.jar;C:\Users\Rajbir\.m2\repository\org\apache\commons\commons-compress\1.20\commons-compress-1.20.jar;C:\Users\Rajbir\.m2\repository\commons-lang\commons-lang\2.6\commons-lang-2.6.jar;C:\Users\Rajbir\.m2\repository\com\fasterxml\jackson\core\jackson-databind\2.10.3\jackson-databind-2.10.3.jar;C:\Users\Rajbir\.m2\repository\com\fasterxml\jackson\core\jackson-core\2.10.3\jackson-core-2.10.3.jar;C:\Users\Rajbir\.m2\repository\org\bouncycastle\bcpkix-jdk15on\1.64\bcpkix-jdk15on-1.64.jar;C:\Users\Rajbir\.m2\repository\org\bouncycastle\bcprov-jdk15on\1.64\bcprov-jdk15on-1.64.jar;C:\Users\Rajbir\.m2\repository\org\slf4j\jcl-over-slf4j\1.7.30\jcl-over-slf4j-1.7.30.jar;C:\Users\Rajbir\.m2\repository\com\github\docker-java\docker-java-transport-httpclient5\3.2.11\docker-java-transport-httpclient5-3.2.11.jar;C:\Users\Rajbir\.m2\repository\com\github\docker-java\docker-java-transport\3.2.11\docker-java-transport-3.2.11.jar;C:\Users\Rajbir\.m2\repository\org\apache\httpcomponents\client5\httpclient5\5.0.3\httpclient5-5.0.3.jar;C:\Users\Rajbir\.m2\repository\org\apache\httpcomponents\core5\httpcore5\5.0.2\httpcore5-5.0.2.jar;C:\Users\Rajbir\.m2\repository\net\java\dev\jna\jna\5.8.0\jna-5.8.0.jar;C:\Users\Rajbir\.m2\repository\org\brotli\dec\0.1.2\dec-0.1.2.jar;C:\Users\Rajbir\.m2\repository\log4j\log4j\1.2.17\log4j-1.2.17.jar;C:\Users\Rajbir\.m2\repository\org\apache\commons\commons-lang3\3.11\commons-lang3-3.11.jar;C:\Users\Rajbir\.m2\repository\com\aventstack\extentreports\3.1.2\extentreports-3.1.2.jar;C:\Users\Rajbir\.m2\repository\org\freemarker\freemarker\2.3.23\freemarker-2.3.23.jar;C:\Users\Rajbir\.m2\repository\org\mongodb\mongodb-driver\3.3.0\mongodb-driver-3.3.0.jar;C:\Users\Rajbir\.m2\repository\org\mongodb\bson\3.3.0\bson-3.3.0.jar;C:\Users\Rajbir\.m2\repository\org\mongodb\mongodb-driver-core\3.3.0\mongodb-driver-core-3.3.0.jar;C:\Users\Rajbir\.m2\repository\org\apache\httpcomponents\httpclient\4.5.2\httpclient-4.5.2.jar;C:\Users\Rajbir\.m2\repository\org\apache\httpcomponents\httpcore\4.4.4\httpcore-4.4.4.jar;C:\Users\Rajbir\.m2\repository\commons-logging\commons-logging\1.2\commons-logging-1.2.jar;C:\Users\Rajbir\.m2\repository\org\apache\httpcomponents\httpmime\4.5.2\httpmime-4.5.2.jar;C:\Users\Rajbir\.m2\repository\org\apache\poi\poi\3.17\poi-3.17.jar;C:\Users\Rajbir\.m2\repository\commons-codec\commons-codec\1.10\commons-codec-1.10.jar;C:\Users\Rajbir\.m2\repository\org\apache\commons\commons-collections4\4.1\commons-collections4-4.1.jar;C:\Users\Rajbir\.m2\repository\org\apache\poi\poi-ooxml\3.17\poi-ooxml-3.17.jar;C:\Users\Rajbir\.m2\repository\org\apache\poi\poi-ooxml-schemas\3.17\poi-ooxml-schemas-3.17.jar;C:\Users\Rajbir\.m2\repository\org\apache\xmlbeans\xmlbeans\2.6.0\xmlbeans-2.6.0.jar;C:\Users\Rajbir\.m2\repository\stax\stax-api\1.0.1\stax-api-1.0.1.jar;C:\Users\Rajbir\.m2\repository\com\github\virtuald\curvesapi\1.04\curvesapi-1.04.jar;"/>
    <property name="sun.cpu.endian" value="little"/>
    <property name="user.home" value="C:\Users\Rajbir"/>
    <property name="user.language" value="en"/>
    <property name="java.specification.vendor" value="Oracle Corporation"/>
    <property name="java.version.date" value="2022-08-12"/>
    <property name="java.home" value="C:\Users\Rajbir\.p2\pool\plugins\org.eclipse.justj.openjdk.hotspot.jre.full.win32.x86_64_17.0.4.v20220903-1038\jre"/>
    <property name="file.separator" value="\"/>
    <property name="style.color" value="always"/>
    <property name="basedir" value="C:\Users\Rajbir\eclipse-workspace\naveenAutomationAssignment"/>
    <property name="java.vm.compressedOopsMode" value="32-bit"/>
    <property name="line.separator" value="&#10;"/>
    <property name="java.vm.specification.vendor" value="Oracle Corporation"/>
    <property name="java.specification.name" value="Java Platform API Specification"/>
    <property name="surefire.real.class.path" value="C:\Users\Rajbir\AppData\Local\Temp\surefire4564055962495151342\surefirebooter10374062328858680328.jar"/>
    <property name="user.script" value=""/>
    <property name="sun.management.compiler" value="HotSpot 64-Bit Tiered Compilers"/>
    <property name="java.runtime.version" value="17.0.4.1+1"/>
    <property name="user.name" value="Rajbir"/>
    <property name="path.separator" value=";"/>
    <property name="os.version" value="10.0"/>
    <property name="java.runtime.name" value="OpenJDK Runtime Environment"/>
    <property name="file.encoding" value="Cp1252"/>
    <property name="java.vm.name" value="OpenJDK 64-Bit Server VM"/>
    <property name="java.vendor.version" value="Temurin-17.0.4.1+1"/>
    <property name="localRepository" value="C:\Users\Rajbir\.m2\repository"/>
    <property name="java.vendor.url.bug" value="https://github.com/adoptium/adoptium-support/issues"/>
    <property name="java.io.tmpdir" value="C:\Users\Rajbir\AppData\Local\Temp\"/>
    <property name="java.version" value="17.0.4.1"/>
    <property name="user.dir" value="C:\Users\Rajbir\eclipse-workspace\naveenAutomationAssignment"/>
    <property name="os.arch" value="amd64"/>
    <property name="java.vm.specification.name" value="Java Virtual Machine Specification"/>
    <property name="sun.os.patch.level" value=""/>
    <property name="native.encoding" value="Cp1252"/>
    <property name="java.library.path" value="C:\Users\Rajbir\.p2\pool\plugins\org.eclipse.justj.openjdk.hotspot.jre.full.win32.x86_64_17.0.4.v20220903-1038\jre\bin;C:\WINDOWS\Sun\Java\bin;C:\WINDOWS\system32;C:\WINDOWS;C:/Users/Rajbir/.p2/pool/plugins/org.eclipse.justj.openjdk.hotspot.jre.full.win32.x86_64_17.0.4.v20220903-1038/jre/bin/server;C:/Users/Rajbir/.p2/pool/plugins/org.eclipse.justj.openjdk.hotspot.jre.full.win32.x86_64_17.0.4.v20220903-1038/jre/bin;C:\Program Files\Common Files\Oracle\Java\javapath;C:\WINDOWS\system32;C:\WINDOWS;C:\WINDOWS\System32\Wbem;C:\WINDOWS\System32\WindowsPowerShell\v1.0\;C:\WINDOWS\System32\OpenSSH\;C:\Program Files (x86)\Common Files\Acronis\SnapAPI\;C:\Program Files (x86)\Common Files\Acronis\VirtualFile\;C:\Program Files (x86)\Common Files\Acronis\VirtualFile64\;C:\Program Files (x86)\Common Files\Acronis\FileProtector\;C:\Program Files (x86)\Common Files\Acronis\FileProtector64\;C:\Program Files\Java\jdk-11.0.16\bin;C:\Program Files\Git\cmd;C:\Maven\apache-maven-3.8.6\bin;C:\Users\Rajbir\AppData\Local\Microsoft\WindowsApps;;C:\WINDOWS\system32;;."/>
    <property name="java.vm.info" value="mixed mode"/>
    <property name="java.vendor" value="Eclipse Adoptium"/>
    <property name="java.vm.version" value="17.0.4.1+1"/>
    <property name="sun.io.unicode.encoding" value="UnicodeLittle"/>
    <property name="java.class.version" value="61.0"/>
  </properties>
  <testcase name="verifyUserAbleToRegister" classname="naveenAutomationAssignment.Tests.AccountCreatedTest" time="2.065">
    <failure message="Account not created expected [Your Account Has Been Created!] but found [Register Account]" type="java.lang.AssertionError">java.lang.AssertionError: Account not created expected [Your Account Has Been Created!] but found [Register Account]
	at naveenAutomationAssignment.Tests.AccountCreatedTest.verifyUserAbleToRegister(AccountCreatedTest.java:34)
</failure>
    <system-out><![CDATA[2023-01-10 22:18:00 INFO  WebdriverEvents:42 - navigating tohttps://naveenautomationlabs.com/opencart/index.php?route=account/login
# Root logger option2023-01-10 22:18:02 INFO  WebdriverEvents:48 - Navigated tohttps://naveenautomationlabs.com/opencart/index.php?route=account/login
# Root logger option2023-01-10 22:18:02 INFO  WebdriverEvents:89 - Finding elementBy.xpath: //span[contains(text(),'My Account')]
# Root logger option2023-01-10 22:18:02 INFO  WebdriverEvents:95 - Elelement FoundBy.xpath: //span[contains(text(),'My Account')]
# Root logger option2023-01-10 22:18:02 INFO  WebdriverEvents:101 - clicking on[[ChromeDriver: chrome on WINDOWS (ce109cc8f047681bd8b898384244e30c)] -> xpath: //span[contains(text(),'My Account')]]
# Root logger option2023-01-10 22:18:02 INFO  WebdriverEvents:107 - clicked on[[ChromeDriver: chrome on WINDOWS (ce109cc8f047681bd8b898384244e30c)] -> xpath: //span[contains(text(),'My Account')]]
# Root logger option2023-01-10 22:18:02 INFO  WebdriverEvents:89 - Finding elementBy.cssSelector: ul.dropdown-menu.dropdown-menu-right li:first-of-type a
# Root logger option2023-01-10 22:18:02 INFO  WebdriverEvents:95 - Elelement FoundBy.cssSelector: ul.dropdown-menu.dropdown-menu-right li:first-of-type a
# Root logger option2023-01-10 22:18:02 INFO  WebdriverEvents:101 - clicking on[[ChromeDriver: chrome on WINDOWS (ce109cc8f047681bd8b898384244e30c)] -> css selector: ul.dropdown-menu.dropdown-menu-right li:first-of-type a]
# Root logger option2023-01-10 22:18:03 INFO  WebdriverEvents:107 - clicked on[[ChromeDriver: chrome on WINDOWS (ce109cc8f047681bd8b898384244e30c)] -> css selector: ul.dropdown-menu.dropdown-menu-right li:first-of-type a]
# Root logger option2023-01-10 22:18:03 INFO  WebdriverEvents:89 - Finding elementBy.id: input-firstname
# Root logger option2023-01-10 22:18:03 INFO  WebdriverEvents:95 - Elelement FoundBy.id: input-firstname
# Root logger option2023-01-10 22:18:03 INFO  WebdriverEvents:89 - Finding elementBy.id: input-lastname
# Root logger option2023-01-10 22:18:03 INFO  WebdriverEvents:95 - Elelement FoundBy.id: input-lastname
# Root logger option2023-01-10 22:18:03 INFO  WebdriverEvents:89 - Finding elementBy.id: input-email
# Root logger option2023-01-10 22:18:03 INFO  WebdriverEvents:95 - Elelement FoundBy.id: input-email
# Root logger option2023-01-10 22:18:03 INFO  WebdriverEvents:89 - Finding elementBy.id: input-telephone
# Root logger option2023-01-10 22:18:03 INFO  WebdriverEvents:95 - Elelement FoundBy.id: input-telephone
# Root logger option2023-01-10 22:18:03 INFO  WebdriverEvents:89 - Finding elementBy.id: input-password
# Root logger option2023-01-10 22:18:03 INFO  WebdriverEvents:95 - Elelement FoundBy.id: input-password
# Root logger option2023-01-10 22:18:03 INFO  WebdriverEvents:89 - Finding elementBy.id: input-confirm
# Root logger option2023-01-10 22:18:04 INFO  WebdriverEvents:95 - Elelement FoundBy.id: input-confirm
# Root logger option2023-01-10 22:18:04 INFO  WebdriverEvents:89 - Finding elementBy.xpath: //input[@type='checkbox']
# Root logger option2023-01-10 22:18:04 INFO  WebdriverEvents:95 - Elelement FoundBy.xpath: //input[@type='checkbox']
# Root logger option2023-01-10 22:18:04 INFO  WebdriverEvents:101 - clicking on[[ChromeDriver: chrome on WINDOWS (ce109cc8f047681bd8b898384244e30c)] -> xpath: //input[@type='checkbox']]
# Root logger option2023-01-10 22:18:04 INFO  WebdriverEvents:107 - clicked on[[ChromeDriver: chrome on WINDOWS (ce109cc8f047681bd8b898384244e30c)] -> xpath: //input[@type='checkbox']]
# Root logger option2023-01-10 22:18:04 INFO  WebdriverEvents:89 - Finding elementBy.xpath: //input[@type='submit']
# Root logger option2023-01-10 22:18:04 INFO  WebdriverEvents:95 - Elelement FoundBy.xpath: //input[@type='submit']
# Root logger option2023-01-10 22:18:04 INFO  WebdriverEvents:101 - clicking on[[ChromeDriver: chrome on WINDOWS (ce109cc8f047681bd8b898384244e30c)] -> xpath: //input[@type='submit']]
# Root logger option2023-01-10 22:18:04 INFO  WebdriverEvents:107 - clicked on[[ChromeDriver: chrome on WINDOWS (ce109cc8f047681bd8b898384244e30c)] -> xpath: //input[@type='submit']]
# Root logger option2023-01-10 22:18:04 INFO  WebdriverEvents:89 - Finding elementBy.cssSelector: #content h1
# Root logger option2023-01-10 22:18:04 INFO  WebdriverEvents:95 - Elelement FoundBy.cssSelector: #content h1
# Root logger option2023-01-10 22:18:04 INFO  WebdriverEvents:167 - getting text from [[ChromeDriver: chrome on WINDOWS (ce109cc8f047681bd8b898384244e30c)] -> css selector: #content h1]
# Root logger option2023-01-10 22:18:04 INFO  WebdriverEvents:173 - Got text from [[ChromeDriver: chrome on WINDOWS (ce109cc8f047681bd8b898384244e30c)] -> css selector: #content h1]
# Root logger option]]></system-out>
    <system-err><![CDATA[SLF4J: Failed to load class "org.slf4j.impl.StaticLoggerBinder".
SLF4J: Defaulting to no-operation (NOP) logger implementation
SLF4J: See http://www.slf4j.org/codes.html#StaticLoggerBinder for further details.
Starting ChromeDriver 108.0.5359.71 (1e0e3868ee06e91ad636a874420e3ca3ae3756ac-refs/branch-heads/5359@{#1016}) on port 35268
Only local connections are allowed.
Please see https://chromedriver.chromium.org/security-considerations for suggestions on keeping ChromeDriver safe.
ChromeDriver was started successfully.
Jan. 10, 2023 10:17:59 P.M. org.openqa.selenium.remote.ProtocolHandshake createSession
INFO: Detected dialect: W3C
]]></system-err>
  </testcase>
  <testcase name="verifyAlertBannerForInvalidLoginCredentials" classname="naveenAutomationAssignment.Tests.AccountLogInTest" time="0">
    <skipped message="java.lang.NegativeArraySizeException: -1"/>
    <system-err><![CDATA[[Utils] [ERROR] [Error] java.lang.NegativeArraySizeException: -1
	at naveenAutomationAssignment.Tests.AccountLogInTest.provideLoginData(AccountLogInTest.java:36)
	at java.base/jdk.internal.reflect.NativeMethodAccessorImpl.invoke0(Native Method)
	at java.base/jdk.internal.reflect.NativeMethodAccessorImpl.invoke(NativeMethodAccessorImpl.java:77)
	at java.base/jdk.internal.reflect.DelegatingMethodAccessorImpl.invoke(DelegatingMethodAccessorImpl.java:43)
	at java.base/java.lang.reflect.Method.invoke(Method.java:568)
	at org.testng.internal.MethodInvocationHelper.invokeMethod(MethodInvocationHelper.java:132)
	at org.testng.internal.MethodInvocationHelper.invokeMethod(MethodInvocationHelper.java:76)
	at org.testng.internal.MethodInvocationHelper.invokeMethodNoCheckedException(MethodInvocationHelper.java:45)
	at org.testng.internal.MethodInvocationHelper.invokeDataProvider(MethodInvocationHelper.java:145)
	at org.testng.internal.Parameters.handleParameters(Parameters.java:797)
	at org.testng.internal.Parameters.handleParameters(Parameters.java:740)
	at org.testng.internal.ParameterHandler.handleParameters(ParameterHandler.java:59)
	at org.testng.internal.ParameterHandler.createParameters(ParameterHandler.java:38)
	at org.testng.internal.TestInvoker$MethodInvocationAgent.invoke(TestInvoker.java:789)
	at org.testng.internal.TestInvoker.invokeTestMethods(TestInvoker.java:147)
	at org.testng.internal.TestMethodWorker.invokeTestMethods(TestMethodWorker.java:146)
	at org.testng.internal.TestMethodWorker.run(TestMethodWorker.java:128)
	at java.base/java.util.ArrayList.forEach(ArrayList.java:1511)
	at org.testng.TestRunner.privateRun(TestRunner.java:764)
	at org.testng.TestRunner.run(TestRunner.java:585)
	at org.testng.SuiteRunner.runTest(SuiteRunner.java:384)
	at org.testng.SuiteRunner.runSequentially(SuiteRunner.java:378)
	at org.testng.SuiteRunner.privateRun(SuiteRunner.java:337)
	at org.testng.SuiteRunner.run(SuiteRunner.java:286)
	at org.testng.SuiteRunnerWorker.runSuite(SuiteRunnerWorker.java:53)
	at org.testng.SuiteRunnerWorker.run(SuiteRunnerWorker.java:96)
	at org.testng.TestNG.runSuitesSequentially(TestNG.java:1218)
	at org.testng.TestNG.runSuitesLocally(TestNG.java:1140)
	at org.testng.TestNG.runSuites(TestNG.java:1069)
	at org.testng.TestNG.run(TestNG.java:1037)
	at org.apache.maven.surefire.testng.TestNGExecutor.run(TestNGExecutor.java:135)
	at org.apache.maven.surefire.testng.TestNGDirectoryTestSuite.executeMulti(TestNGDirectoryTestSuite.java:193)
	at org.apache.maven.surefire.testng.TestNGDirectoryTestSuite.execute(TestNGDirectoryTestSuite.java:94)
	at org.apache.maven.surefire.testng.TestNGProvider.invoke(TestNGProvider.java:146)
	at org.apache.maven.surefire.booter.ForkedBooter.invokeProviderInSameClassLoader(ForkedBooter.java:384)
	at org.apache.maven.surefire.booter.ForkedBooter.runSuitesInProcess(ForkedBooter.java:345)
	at org.apache.maven.surefire.booter.ForkedBooter.execute(ForkedBooter.java:126)
	at org.apache.maven.surefire.booter.ForkedBooter.main(ForkedBooter.java:418)

]]></system-err>
  </testcase>
  <testcase name="VerifyUserAbleToLogin" classname="naveenAutomationAssignment.Tests.AccountLogOutTest" time="2.771"/>
  <testcase name="deleteAddressFirstFromAddressBookTable" classname="naveenAutomationAssignment.Tests.AddressBookTest" time="2.407"/>
  <testcase name="verifyClickSortAndSelectOption" classname="naveenAutomationAssignment.Tests.LaptopsNotebooksTest" time="3.001"/>
  <testcase name="verifyClickOnAllLaptopsAndNotebook" classname="naveenAutomationAssignment.Tests.MyAccountTest" time="3.302"/>
  <testcase name="verifyUserAbleToChangePhnNumber" classname="naveenAutomationAssignment.Tests.MyAccountTest" time="2.753"/>
  <testcase name="verifyUserAbleToLogin" classname="naveenAutomationAssignment.Tests.MyAccountTest" time="1.236"/>
  <testcase name="verifyUserAbleToSubscribe" classname="naveenAutomationAssignment.Tests.MyAccountTest" time="0.023">
    <failure message="no such window: target window already closed&#10;from unknown error: web view not found&#10;  (Session info: chrome=108.0.5359.125)&#10;Build info: version: &apos;3.141.59&apos;, revision: &apos;e82be7d358&apos;, time: &apos;2018-11-14T08:17:03&apos;&#10;System info: host: &apos;DESKTOP-5A74DQH&apos;, ip: &apos;192.168.1.64&apos;, os.name: &apos;Windows 11&apos;, os.arch: &apos;amd64&apos;, os.version: &apos;10.0&apos;, java.version: &apos;17.0.4.1&apos;&#10;Driver info: org.openqa.selenium.chrome.ChromeDriver&#10;Capabilities {acceptInsecureCerts: false, browserName: chrome, browserVersion: 108.0.5359.125, chrome: {chromedriverVersion: 108.0.5359.71 (1e0e3868ee06..., userDataDir: C:\Users\Rajbir\AppData\Loc...}, goog:chromeOptions: {debuggerAddress: localhost:61754}, javascriptEnabled: true, networkConnectionEnabled: false, pageLoadStrategy: normal, platform: WINDOWS, platformName: WINDOWS, proxy: Proxy(), setWindowRect: true, strictFileInteractability: false, timeouts: {implicit: 0, pageLoad: 300000, script: 30000}, unhandledPromptBehavior: dismiss and notify, webauthn:extension:credBlob: true, webauthn:extension:largeBlob: true, webauthn:virtualAuthenticators: true}&#10;Session ID: e4573e6d89bacb8602272e4f22301ead&#10;*** Element info: {Using=xpath, value=//span[contains(text(),&apos;My Account&apos;)]}" type="org.openqa.selenium.NoSuchWindowException">org.openqa.selenium.NoSuchWindowException: 
no such window: target window already closed
from unknown error: web view not found
  (Session info: chrome=108.0.5359.125)
Build info: version: '3.141.59', revision: 'e82be7d358', time: '2018-11-14T08:17:03'
System info: host: 'DESKTOP-5A74DQH', ip: '192.168.1.64', os.name: 'Windows 11', os.arch: 'amd64', os.version: '10.0', java.version: '17.0.4.1'
Driver info: org.openqa.selenium.chrome.ChromeDriver
Capabilities {acceptInsecureCerts: false, browserName: chrome, browserVersion: 108.0.5359.125, chrome: {chromedriverVersion: 108.0.5359.71 (1e0e3868ee06..., userDataDir: C:\Users\Rajbir\AppData\Loc...}, goog:chromeOptions: {debuggerAddress: localhost:61754}, javascriptEnabled: true, networkConnectionEnabled: false, pageLoadStrategy: normal, platform: WINDOWS, platformName: WINDOWS, proxy: Proxy(), setWindowRect: true, strictFileInteractability: false, timeouts: {implicit: 0, pageLoad: 300000, script: 30000}, unhandledPromptBehavior: dismiss and notify, webauthn:extension:credBlob: true, webauthn:extension:largeBlob: true, webauthn:virtualAuthenticators: true}
Session ID: e4573e6d89bacb8602272e4f22301ead
*** Element info: {Using=xpath, value=//span[contains(text(),'My Account')]}
	at naveenAutomationAssignment.Tests.MyAccountTest.verifyUserAbleToSubscribe(MyAccountTest.java:49)
</failure>
    <system-out><![CDATA[2023-01-10 22:19:15 INFO  WebdriverEvents:42 - navigating tohttps://naveenautomationlabs.com/opencart/index.php?route=account/login
# Root logger option2023-01-10 22:19:17 INFO  WebdriverEvents:48 - Navigated tohttps://naveenautomationlabs.com/opencart/index.php?route=account/login
# Root logger option2023-01-10 22:19:17 INFO  WebdriverEvents:89 - Finding elementBy.xpath: //span[contains(text(),'My Account')]
# Root logger option]]></system-out>
    <system-err><![CDATA[Starting ChromeDriver 108.0.5359.71 (1e0e3868ee06e91ad636a874420e3ca3ae3756ac-refs/branch-heads/5359@{#1016}) on port 20785
Only local connections are allowed.
Please see https://chromedriver.chromium.org/security-considerations for suggestions on keeping ChromeDriver safe.
ChromeDriver was started successfully.
Jan. 10, 2023 10:19:15 P.M. org.openqa.selenium.remote.ProtocolHandshake createSession
INFO: Detected dialect: W3C
]]></system-err>
  </testcase>
  <testcase name="tearDown" classname="naveenAutomationAssignment.Tests.MyAccountTest" time="32.462">
    <failure message="disconnected: unable to connect to renderer&#10;  (failed to check if window was closed: disconnected: unable to connect to renderer)&#10;  (Session info: chrome=108.0.5359.125)&#10;Build info: version: &apos;3.141.59&apos;, revision: &apos;e82be7d358&apos;, time: &apos;2018-11-14T08:17:03&apos;&#10;System info: host: &apos;DESKTOP-5A74DQH&apos;, ip: &apos;192.168.1.64&apos;, os.name: &apos;Windows 11&apos;, os.arch: &apos;amd64&apos;, os.version: &apos;10.0&apos;, java.version: &apos;17.0.4.1&apos;&#10;Driver info: org.openqa.selenium.chrome.ChromeDriver&#10;Capabilities {acceptInsecureCerts: false, browserName: chrome, browserVersion: 108.0.5359.125, chrome: {chromedriverVersion: 108.0.5359.71 (1e0e3868ee06..., userDataDir: C:\Users\Rajbir\AppData\Loc...}, goog:chromeOptions: {debuggerAddress: localhost:61754}, javascriptEnabled: true, networkConnectionEnabled: false, pageLoadStrategy: normal, platform: WINDOWS, platformName: WINDOWS, proxy: Proxy(), setWindowRect: true, strictFileInteractability: false, timeouts: {implicit: 0, pageLoad: 300000, script: 30000}, unhandledPromptBehavior: dismiss and notify, webauthn:extension:credBlob: true, webauthn:extension:largeBlob: true, webauthn:virtualAuthenticators: true}&#10;Session ID: e4573e6d89bacb8602272e4f22301ead" type="org.openqa.selenium.WebDriverException">org.openqa.selenium.WebDriverException: 
disconnected: unable to connect to renderer
  (failed to check if window was closed: disconnected: unable to connect to renderer)
  (Session info: chrome=108.0.5359.125)
Build info: version: '3.141.59', revision: 'e82be7d358', time: '2018-11-14T08:17:03'
System info: host: 'DESKTOP-5A74DQH', ip: '192.168.1.64', os.name: 'Windows 11', os.arch: 'amd64', os.version: '10.0', java.version: '17.0.4.1'
Driver info: org.openqa.selenium.chrome.ChromeDriver
Capabilities {acceptInsecureCerts: false, browserName: chrome, browserVersion: 108.0.5359.125, chrome: {chromedriverVersion: 108.0.5359.71 (1e0e3868ee06..., userDataDir: C:\Users\Rajbir\AppData\Loc...}, goog:chromeOptions: {debuggerAddress: localhost:61754}, javascriptEnabled: true, networkConnectionEnabled: false, pageLoadStrategy: normal, platform: WINDOWS, platformName: WINDOWS, proxy: Proxy(), setWindowRect: true, strictFileInteractability: false, timeouts: {implicit: 0, pageLoad: 300000, script: 30000}, unhandledPromptBehavior: dismiss and notify, webauthn:extension:credBlob: true, webauthn:extension:largeBlob: true, webauthn:virtualAuthenticators: true}
Session ID: e4573e6d89bacb8602272e4f22301ead
	at naveenAutomationAssignment.Tests.MyAccountTest.tearDown(MyAccountTest.java:73)
</failure>
    <system-err><![CDATA[[1673417961.321][WARNING]: Timed out connecting to Chrome, retrying...
[1673417969.419][WARNING]: Timed out connecting to Chrome, retrying...
[1673417977.503][WARNING]: Timed out connecting to Chrome, retrying...
[1673417985.623][WARNING]: Timed out connecting to Chrome, retrying...
]]></system-err>
  </testcase>
  <testcase name="verifyPriceForOrder" classname="naveenAutomationAssignment.Tests.OrderHistoryTest" time="1.439">
    <failure message="expected [priceElement.getText()] but found [Tony Stark]" type="java.lang.AssertionError">java.lang.AssertionError: expected [priceElement.getText()] but found [Tony Stark]
	at naveenAutomationAssignment.Tests.OrderHistoryTest.verifyPriceForOrder(OrderHistoryTest.java:28)
</failure>
    <system-out><![CDATA[2023-01-10 22:19:50 INFO  WebdriverEvents:42 - navigating tohttps://naveenautomationlabs.com/opencart/index.php?route=account/login
# Root logger option2023-01-10 22:20:00 INFO  WebdriverEvents:48 - Navigated tohttps://naveenautomationlabs.com/opencart/index.php?route=account/login
# Root logger option2023-01-10 22:20:00 INFO  WebdriverEvents:89 - Finding elementBy.cssSelector: form div.form-group:first-of-type input
# Root logger option2023-01-10 22:20:00 INFO  WebdriverEvents:95 - Elelement FoundBy.cssSelector: form div.form-group:first-of-type input
# Root logger option2023-01-10 22:20:00 INFO  WebdriverEvents:89 - Finding elementBy.cssSelector: form div.form-group:last-of-type input
# Root logger option2023-01-10 22:20:00 INFO  WebdriverEvents:95 - Elelement FoundBy.cssSelector: form div.form-group:last-of-type input
# Root logger option2023-01-10 22:20:00 INFO  WebdriverEvents:89 - Finding elementBy.cssSelector: input[type='submit']
# Root logger option2023-01-10 22:20:00 INFO  WebdriverEvents:95 - Elelement FoundBy.cssSelector: input[type='submit']
# Root logger option2023-01-10 22:20:00 INFO  WebdriverEvents:89 - Finding elementBy.cssSelector: div.list-group a:nth-of-type(6)
# Root logger option2023-01-10 22:20:00 INFO  WebdriverEvents:95 - Elelement FoundBy.cssSelector: div.list-group a:nth-of-type(6)
# Root logger option2023-01-10 22:20:00 INFO  WebdriverEvents:101 - clicking on[[ChromeDriver: chrome on WINDOWS (b5923e38932dfeec7e8d729e0414c194)] -> css selector: div.list-group a:nth-of-type(6)]
# Root logger option2023-01-10 22:20:01 INFO  WebdriverEvents:107 - clicked on[[ChromeDriver: chrome on WINDOWS (b5923e38932dfeec7e8d729e0414c194)] -> css selector: div.list-group a:nth-of-type(6)]
# Root logger option2023-01-10 22:20:01 INFO  WebdriverEvents:89 - Finding elementBy.cssSelector: table[class='table table-bordered table-hover'] thead tr td
# Root logger option2023-01-10 22:20:01 INFO  WebdriverEvents:95 - Elelement FoundBy.cssSelector: table[class='table table-bordered table-hover'] thead tr td
# Root logger option2023-01-10 22:20:01 INFO  WebdriverEvents:167 - getting text from [[ChromeDriver: chrome on WINDOWS (b5923e38932dfeec7e8d729e0414c194)] -> css selector: table[class='table table-bordered table-hover'] thead tr td]
# Root logger option2023-01-10 22:20:01 INFO  WebdriverEvents:173 - Got text from [[ChromeDriver: chrome on WINDOWS (b5923e38932dfeec7e8d729e0414c194)] -> css selector: table[class='table table-bordered table-hover'] thead tr td]
# Root logger option2023-01-10 22:20:01 INFO  WebdriverEvents:167 - getting text from [[ChromeDriver: chrome on WINDOWS (b5923e38932dfeec7e8d729e0414c194)] -> css selector: table[class='table table-bordered table-hover'] thead tr td]
# Root logger option2023-01-10 22:20:01 INFO  WebdriverEvents:173 - Got text from [[ChromeDriver: chrome on WINDOWS (b5923e38932dfeec7e8d729e0414c194)] -> css selector: table[class='table table-bordered table-hover'] thead tr td]
# Root logger option2023-01-10 22:20:01 INFO  WebdriverEvents:89 - Finding elementBy.cssSelector: table[class='table table-bordered table-hover'] tbody tr
# Root logger option2023-01-10 22:20:01 INFO  WebdriverEvents:95 - Elelement FoundBy.cssSelector: table[class='table table-bordered table-hover'] tbody tr
# Root logger option2023-01-10 22:20:01 INFO  WebdriverEvents:89 - Finding elementBy.cssSelector: td
# Root logger option2023-01-10 22:20:01 INFO  WebdriverEvents:95 - Elelement FoundBy.cssSelector: td
# Root logger option2023-01-10 22:20:01 INFO  WebdriverEvents:167 - getting text from [[[[ChromeDriver: chrome on WINDOWS (b5923e38932dfeec7e8d729e0414c194)] -> css selector: table[class='table table-bordered table-hover'] tbody tr]] -> css selector: td]
# Root logger option2023-01-10 22:20:01 INFO  WebdriverEvents:173 - Got text from [[[[ChromeDriver: chrome on WINDOWS (b5923e38932dfeec7e8d729e0414c194)] -> css selector: table[class='table table-bordered table-hover'] tbody tr]] -> css selector: td]
# Root logger option2023-01-10 22:20:01 INFO  WebdriverEvents:89 - Finding elementBy.cssSelector: td
# Root logger option2023-01-10 22:20:01 INFO  WebdriverEvents:95 - Elelement FoundBy.cssSelector: td
# Root logger option2023-01-10 22:20:01 INFO  WebdriverEvents:167 - getting text from [[[[ChromeDriver: chrome on WINDOWS (b5923e38932dfeec7e8d729e0414c194)] -> css selector: table[class='table table-bordered table-hover'] tbody tr]] -> css selector: td]
# Root logger option2023-01-10 22:20:01 INFO  WebdriverEvents:173 - Got text from [[[[ChromeDriver: chrome on WINDOWS (b5923e38932dfeec7e8d729e0414c194)] -> css selector: table[class='table table-bordered table-hover'] tbody tr]] -> css selector: td]
# Root logger option2023-01-10 22:20:01 INFO  WebdriverEvents:89 - Finding elementBy.cssSelector: td
# Root logger option2023-01-10 22:20:01 INFO  WebdriverEvents:95 - Elelement FoundBy.cssSelector: td
# Root logger option2023-01-10 22:20:01 INFO  WebdriverEvents:167 - getting text from [[[[ChromeDriver: chrome on WINDOWS (b5923e38932dfeec7e8d729e0414c194)] -> css selector: table[class='table table-bordered table-hover'] tbody tr]] -> css selector: td]
# Root logger option2023-01-10 22:20:01 INFO  WebdriverEvents:173 - Got text from [[[[ChromeDriver: chrome on WINDOWS (b5923e38932dfeec7e8d729e0414c194)] -> css selector: table[class='table table-bordered table-hover'] tbody tr]] -> css selector: td]
# Root logger option2023-01-10 22:20:01 INFO  WebdriverEvents:89 - Finding elementBy.cssSelector: td
# Root logger option2023-01-10 22:20:01 INFO  WebdriverEvents:95 - Elelement FoundBy.cssSelector: td
# Root logger option2023-01-10 22:20:01 INFO  WebdriverEvents:167 - getting text from [[[[ChromeDriver: chrome on WINDOWS (b5923e38932dfeec7e8d729e0414c194)] -> css selector: table[class='table table-bordered table-hover'] tbody tr]] -> css selector: td]
# Root logger option2023-01-10 22:20:01 INFO  WebdriverEvents:173 - Got text from [[[[ChromeDriver: chrome on WINDOWS (b5923e38932dfeec7e8d729e0414c194)] -> css selector: table[class='table table-bordered table-hover'] tbody tr]] -> css selector: td]
# Root logger option2023-01-10 22:20:01 INFO  WebdriverEvents:167 - getting text from [[[[ChromeDriver: chrome on WINDOWS (b5923e38932dfeec7e8d729e0414c194)] -> css selector: table[class='table table-bordered table-hover'] tbody tr]] -> css selector: td]
# Root logger option2023-01-10 22:20:01 INFO  WebdriverEvents:173 - Got text from [[[[ChromeDriver: chrome on WINDOWS (b5923e38932dfeec7e8d729e0414c194)] -> css selector: table[class='table table-bordered table-hover'] tbody tr]] -> css selector: td]
# Root logger option]]></system-out>
    <system-err><![CDATA[Starting ChromeDriver 108.0.5359.71 (1e0e3868ee06e91ad636a874420e3ca3ae3756ac-refs/branch-heads/5359@{#1016}) on port 52194
Only local connections are allowed.
Please see https://chromedriver.chromium.org/security-considerations for suggestions on keeping ChromeDriver safe.
ChromeDriver was started successfully.
Jan. 10, 2023 10:19:50 P.M. org.openqa.selenium.remote.ProtocolHandshake createSession
INFO: Detected dialect: W3C
]]></system-err>
  </testcase>
  <testcase name="verifyTitleOfPageItemSelectedwithPrice" classname="naveenAutomationAssignment.Tests.WishListTest" time="7.564">
    <failure message="no such window: target window already closed&#10;from unknown error: web view not found&#10;  (Session info: chrome=108.0.5359.125)&#10;Build info: version: &apos;3.141.59&apos;, revision: &apos;e82be7d358&apos;, time: &apos;2018-11-14T08:17:03&apos;&#10;System info: host: &apos;DESKTOP-5A74DQH&apos;, ip: &apos;192.168.1.64&apos;, os.name: &apos;Windows 11&apos;, os.arch: &apos;amd64&apos;, os.version: &apos;10.0&apos;, java.version: &apos;17.0.4.1&apos;&#10;Driver info: org.openqa.selenium.chrome.ChromeDriver&#10;Capabilities {acceptInsecureCerts: false, browserName: chrome, browserVersion: 108.0.5359.125, chrome: {chromedriverVersion: 108.0.5359.71 (1e0e3868ee06..., userDataDir: C:\Users\Rajbir\AppData\Loc...}, goog:chromeOptions: {debuggerAddress: localhost:62034}, javascriptEnabled: true, networkConnectionEnabled: false, pageLoadStrategy: normal, platform: WINDOWS, platformName: WINDOWS, proxy: Proxy(), setWindowRect: true, strictFileInteractability: false, timeouts: {implicit: 0, pageLoad: 300000, script: 30000}, unhandledPromptBehavior: dismiss and notify, webauthn:extension:credBlob: true, webauthn:extension:largeBlob: true, webauthn:virtualAuthenticators: true}&#10;Session ID: 74b4ef8cfb664cd4e8e091acc53974f7&#10;*** Element info: {Using=css selector, value=div.alert.alert-success}" type="org.openqa.selenium.NoSuchWindowException">org.openqa.selenium.NoSuchWindowException: 
no such window: target window already closed
from unknown error: web view not found
  (Session info: chrome=108.0.5359.125)
Build info: version: '3.141.59', revision: 'e82be7d358', time: '2018-11-14T08:17:03'
System info: host: 'DESKTOP-5A74DQH', ip: '192.168.1.64', os.name: 'Windows 11', os.arch: 'amd64', os.version: '10.0', java.version: '17.0.4.1'
Driver info: org.openqa.selenium.chrome.ChromeDriver
Capabilities {acceptInsecureCerts: false, browserName: chrome, browserVersion: 108.0.5359.125, chrome: {chromedriverVersion: 108.0.5359.71 (1e0e3868ee06..., userDataDir: C:\Users\Rajbir\AppData\Loc...}, goog:chromeOptions: {debuggerAddress: localhost:62034}, javascriptEnabled: true, networkConnectionEnabled: false, pageLoadStrategy: normal, platform: WINDOWS, platformName: WINDOWS, proxy: Proxy(), setWindowRect: true, strictFileInteractability: false, timeouts: {implicit: 0, pageLoad: 300000, script: 30000}, unhandledPromptBehavior: dismiss and notify, webauthn:extension:credBlob: true, webauthn:extension:largeBlob: true, webauthn:virtualAuthenticators: true}
Session ID: 74b4ef8cfb664cd4e8e091acc53974f7
*** Element info: {Using=css selector, value=div.alert.alert-success}
	at naveenAutomationAssignment.Tests.WishListTest.verifyTitleOfPageItemSelectedwithPrice(WishListTest.java:34)
</failure>
    <system-out><![CDATA[2023-01-10 22:20:18 INFO  WebdriverEvents:42 - navigating tohttps://naveenautomationlabs.com/opencart/index.php?route=account/login
# Root logger option2023-01-10 22:20:20 INFO  WebdriverEvents:48 - Navigated tohttps://naveenautomationlabs.com/opencart/index.php?route=account/login
# Root logger option2023-01-10 22:20:20 INFO  WebdriverEvents:89 - Finding elementBy.xpath: //span[contains(text(),'My Account')]
# Root logger option2023-01-10 22:20:20 INFO  WebdriverEvents:95 - Elelement FoundBy.xpath: //span[contains(text(),'My Account')]
# Root logger option2023-01-10 22:20:20 INFO  WebdriverEvents:101 - clicking on[[ChromeDriver: chrome on WINDOWS (74b4ef8cfb664cd4e8e091acc53974f7)] -> xpath: //span[contains(text(),'My Account')]]
# Root logger option2023-01-10 22:20:20 INFO  WebdriverEvents:107 - clicked on[[ChromeDriver: chrome on WINDOWS (74b4ef8cfb664cd4e8e091acc53974f7)] -> xpath: //span[contains(text(),'My Account')]]
# Root logger option2023-01-10 22:20:20 INFO  WebdriverEvents:89 - Finding elementBy.cssSelector: ul.dropdown-menu.dropdown-menu-right li:nth-of-type(2) a
# Root logger option2023-01-10 22:20:20 INFO  WebdriverEvents:95 - Elelement FoundBy.cssSelector: ul.dropdown-menu.dropdown-menu-right li:nth-of-type(2) a
# Root logger option2023-01-10 22:20:20 INFO  WebdriverEvents:101 - clicking on[[ChromeDriver: chrome on WINDOWS (74b4ef8cfb664cd4e8e091acc53974f7)] -> css selector: ul.dropdown-menu.dropdown-menu-right li:nth-of-type(2) a]
# Root logger option2023-01-10 22:20:21 INFO  WebdriverEvents:107 - clicked on[[ChromeDriver: chrome on WINDOWS (74b4ef8cfb664cd4e8e091acc53974f7)] -> css selector: ul.dropdown-menu.dropdown-menu-right li:nth-of-type(2) a]
# Root logger option2023-01-10 22:20:21 INFO  WebdriverEvents:89 - Finding elementBy.cssSelector: form div.form-group:first-of-type input
# Root logger option2023-01-10 22:20:21 INFO  WebdriverEvents:95 - Elelement FoundBy.cssSelector: form div.form-group:first-of-type input
# Root logger option2023-01-10 22:20:21 INFO  WebdriverEvents:89 - Finding elementBy.cssSelector: form div.form-group:last-of-type input
# Root logger option2023-01-10 22:20:21 INFO  WebdriverEvents:95 - Elelement FoundBy.cssSelector: form div.form-group:last-of-type input
# Root logger option2023-01-10 22:20:21 INFO  WebdriverEvents:89 - Finding elementBy.cssSelector: input[type='submit']
# Root logger option2023-01-10 22:20:21 INFO  WebdriverEvents:95 - Elelement FoundBy.cssSelector: input[type='submit']
# Root logger option2023-01-10 22:20:21 INFO  WebdriverEvents:89 - Finding elementBy.cssSelector: ul.nav.navbar-nav li.dropdown:nth-of-type(2) a.dropdown-toggle
# Root logger option2023-01-10 22:20:21 INFO  WebdriverEvents:95 - Elelement FoundBy.cssSelector: ul.nav.navbar-nav li.dropdown:nth-of-type(2) a.dropdown-toggle
# Root logger option2023-01-10 22:20:21 INFO  WebdriverEvents:101 - clicking on[[ChromeDriver: chrome on WINDOWS (74b4ef8cfb664cd4e8e091acc53974f7)] -> css selector: ul.nav.navbar-nav li.dropdown:nth-of-type(2) a.dropdown-toggle]
# Root logger option2023-01-10 22:20:21 INFO  WebdriverEvents:107 - clicked on[[ChromeDriver: chrome on WINDOWS (74b4ef8cfb664cd4e8e091acc53974f7)] -> css selector: ul.nav.navbar-nav li.dropdown:nth-of-type(2) a.dropdown-toggle]
# Root logger option2023-01-10 22:20:21 INFO  WebdriverEvents:89 - Finding elementBy.cssSelector: li.dropdown.open div.dropdown-menu a.see-all
# Root logger option2023-01-10 22:20:21 INFO  WebdriverEvents:95 - Elelement FoundBy.cssSelector: li.dropdown.open div.dropdown-menu a.see-all
# Root logger option2023-01-10 22:20:21 INFO  WebdriverEvents:101 - clicking on[[ChromeDriver: chrome on WINDOWS (74b4ef8cfb664cd4e8e091acc53974f7)] -> css selector: li.dropdown.open div.dropdown-menu a.see-all]
# Root logger option2023-01-10 22:20:22 INFO  WebdriverEvents:107 - clicked on[[ChromeDriver: chrome on WINDOWS (74b4ef8cfb664cd4e8e091acc53974f7)] -> css selector: li.dropdown.open div.dropdown-menu a.see-all]
# Root logger option2023-01-10 22:20:22 INFO  WebdriverEvents:89 - Finding elementBy.cssSelector: select#input-sort.form-control
# Root logger option2023-01-10 22:20:22 INFO  WebdriverEvents:95 - Elelement FoundBy.cssSelector: select#input-sort.form-control
# Root logger option2023-01-10 22:20:22 INFO  WebdriverEvents:89 - Finding elementBy.cssSelector: select#input-sort.form-control
# Root logger option2023-01-10 22:20:22 INFO  WebdriverEvents:95 - Elelement FoundBy.cssSelector: select#input-sort.form-control
# Root logger option2023-01-10 22:20:22 INFO  WebdriverEvents:89 - Finding elementBy.cssSelector: select#input-sort.form-control
# Root logger option2023-01-10 22:20:22 INFO  WebdriverEvents:95 - Elelement FoundBy.cssSelector: select#input-sort.form-control
# Root logger option2023-01-10 22:20:22 INFO  WebdriverEvents:89 - Finding elementBy.tagName: option
# Root logger option2023-01-10 22:20:22 INFO  WebdriverEvents:95 - Elelement FoundBy.tagName: option
# Root logger option2023-01-10 22:20:22 INFO  WebdriverEvents:101 - clicking on[[[[ChromeDriver: chrome on WINDOWS (74b4ef8cfb664cd4e8e091acc53974f7)] -> css selector: select#input-sort.form-control]] -> tag name: option]
# Root logger option2023-01-10 22:20:23 INFO  WebdriverEvents:107 - clicked on[[[[ChromeDriver: chrome on WINDOWS (74b4ef8cfb664cd4e8e091acc53974f7)] -> css selector: select#input-sort.form-control]] -> tag name: option]
# Root logger option2023-01-10 22:20:23 INFO  WebdriverEvents:89 - Finding elementBy.cssSelector: button[onclick="wishlist.add('46');"]
# Root logger option2023-01-10 22:20:23 INFO  WebdriverEvents:95 - Elelement FoundBy.cssSelector: button[onclick="wishlist.add('46');"]
# Root logger option2023-01-10 22:20:23 INFO  WebdriverEvents:101 - clicking on[[ChromeDriver: chrome on WINDOWS (74b4ef8cfb664cd4e8e091acc53974f7)] -> css selector: button[onclick="wishlist.add('46');"]]
# Root logger option2023-01-10 22:20:23 INFO  WebdriverEvents:107 - clicked on[[ChromeDriver: chrome on WINDOWS (74b4ef8cfb664cd4e8e091acc53974f7)] -> css selector: button[onclick="wishlist.add('46');"]]
# Root logger option2023-01-10 22:20:28 INFO  WebdriverEvents:89 - Finding elementBy.cssSelector: div.alert.alert-success
# Root logger option]]></system-out>
    <system-err><![CDATA[[1673418005.642][WARNING]: Timed out connecting to Chrome, retrying...
[1673418013.746][WARNING]: Timed out connecting to Chrome, retrying...
Starting ChromeDriver 108.0.5359.71 (1e0e3868ee06e91ad636a874420e3ca3ae3756ac-refs/branch-heads/5359@{#1016}) on port 48053
Only local connections are allowed.
Please see https://chromedriver.chromium.org/security-considerations for suggestions on keeping ChromeDriver safe.
ChromeDriver was started successfully.
Jan. 10, 2023 10:20:18 P.M. org.openqa.selenium.remote.ProtocolHandshake createSession
INFO: Detected dialect: W3C
]]></system-err>
  </testcase>
  <testcase name="tearDown" classname="naveenAutomationAssignment.Tests.WishListTest" time="39.92">
    <failure message="disconnected: unable to connect to renderer&#10;  (failed to check if window was closed: disconnected: unable to connect to renderer)&#10;  (Session info: chrome=108.0.5359.125)&#10;Build info: version: &apos;3.141.59&apos;, revision: &apos;e82be7d358&apos;, time: &apos;2018-11-14T08:17:03&apos;&#10;System info: host: &apos;DESKTOP-5A74DQH&apos;, ip: &apos;192.168.1.64&apos;, os.name: &apos;Windows 11&apos;, os.arch: &apos;amd64&apos;, os.version: &apos;10.0&apos;, java.version: &apos;17.0.4.1&apos;&#10;Driver info: org.openqa.selenium.chrome.ChromeDriver&#10;Capabilities {acceptInsecureCerts: false, browserName: chrome, browserVersion: 108.0.5359.125, chrome: {chromedriverVersion: 108.0.5359.71 (1e0e3868ee06..., userDataDir: C:\Users\Rajbir\AppData\Loc...}, goog:chromeOptions: {debuggerAddress: localhost:62034}, javascriptEnabled: true, networkConnectionEnabled: false, pageLoadStrategy: normal, platform: WINDOWS, platformName: WINDOWS, proxy: Proxy(), setWindowRect: true, strictFileInteractability: false, timeouts: {implicit: 0, pageLoad: 300000, script: 30000}, unhandledPromptBehavior: dismiss and notify, webauthn:extension:credBlob: true, webauthn:extension:largeBlob: true, webauthn:virtualAuthenticators: true}&#10;Session ID: 74b4ef8cfb664cd4e8e091acc53974f7" type="org.openqa.selenium.WebDriverException">org.openqa.selenium.WebDriverException: 
disconnected: unable to connect to renderer
  (failed to check if window was closed: disconnected: unable to connect to renderer)
  (Session info: chrome=108.0.5359.125)
Build info: version: '3.141.59', revision: 'e82be7d358', time: '2018-11-14T08:17:03'
System info: host: 'DESKTOP-5A74DQH', ip: '192.168.1.64', os.name: 'Windows 11', os.arch: 'amd64', os.version: '10.0', java.version: '17.0.4.1'
Driver info: org.openqa.selenium.chrome.ChromeDriver
Capabilities {acceptInsecureCerts: false, browserName: chrome, browserVersion: 108.0.5359.125, chrome: {chromedriverVersion: 108.0.5359.71 (1e0e3868ee06..., userDataDir: C:\Users\Rajbir\AppData\Loc...}, goog:chromeOptions: {debuggerAddress: localhost:62034}, javascriptEnabled: true, networkConnectionEnabled: false, pageLoadStrategy: normal, platform: WINDOWS, platformName: WINDOWS, proxy: Proxy(), setWindowRect: true, strictFileInteractability: false, timeouts: {implicit: 0, pageLoad: 300000, script: 30000}, unhandledPromptBehavior: dismiss and notify, webauthn:extension:credBlob: true, webauthn:extension:largeBlob: true, webauthn:virtualAuthenticators: true}
Session ID: 74b4ef8cfb664cd4e8e091acc53974f7
	at naveenAutomationAssignment.Tests.WishListTest.tearDown(WishListTest.java:65)
</failure>
    <system-err><![CDATA[[1673418032.178][WARNING]: Timed out connecting to Chrome, retrying...
[1673418040.273][WARNING]: Timed out connecting to Chrome, retrying...
[1673418048.338][WARNING]: Timed out connecting to Chrome, retrying...
[1673418056.439][WARNING]: Timed out connecting to Chrome, retrying...
]]></system-err>
  </testcase>
</testsuite>